14 Sep 2017 12:01.54 [INFO ] Gate                      - Using /home/ronzano/GATE_Developer_8.4 as GATE home
14 Sep 2017 12:01.54 [INFO ] Gate                      - Using /home/ronzano/GATE_Developer_8.4/plugins as installed plug-ins directory.
14 Sep 2017 12:01.54 [INFO ] Gate                      - Using /home/ronzano/GATE_Developer_8.4/gate.xml as site configuration file.
14 Sep 2017 12:01.54 [INFO ] Gate                      - Using /home/ronzano/.gate.xml as user configuration file
14 Sep 2017 12:01.54 [INFO ] Gate                      - Using /home/ronzano/.gate.session as user session file
14 Sep 2017 12:01.55 [INFO ] CreoleRegisterImpl        - CREOLE plugin loaded: file:/home/ronzano/GATE_Developer_8.4/plugins/ANNIE/
14 Sep 2017 12:02.46 [INFO ] Gate                      - Using /home/ronzano/GATE_Developer_8.4 as GATE home
14 Sep 2017 12:02.46 [INFO ] Gate                      - Using /home/ronzano/GATE_Developer_8.4/plugins as installed plug-ins directory.
14 Sep 2017 12:02.46 [INFO ] Gate                      - Using /home/ronzano/GATE_Developer_8.4/gate.xml as site configuration file.
14 Sep 2017 12:02.46 [INFO ] Gate                      - Using /home/ronzano/.gate.xml as user configuration file
14 Sep 2017 12:02.46 [INFO ] Gate                      - Using /home/ronzano/.gate.session as user session file
14 Sep 2017 12:02.46 [INFO ] CreoleRegisterImpl        - CREOLE plugin loaded: file:/home/ronzano/GATE_Developer_8.4/plugins/ANNIE/
14 Sep 2017 12:03.22 [INFO ] Gate                      - Using /home/ronzano/GATE_Developer_8.4 as GATE home
14 Sep 2017 12:03.22 [INFO ] Gate                      - Using /home/ronzano/GATE_Developer_8.4/plugins as installed plug-ins directory.
14 Sep 2017 12:03.22 [INFO ] Gate                      - Using /home/ronzano/GATE_Developer_8.4/gate.xml as site configuration file.
14 Sep 2017 12:03.22 [INFO ] Gate                      - Using /home/ronzano/.gate.xml as user configuration file
14 Sep 2017 12:03.22 [INFO ] Gate                      - Using /home/ronzano/.gate.session as user session file
14 Sep 2017 12:03.23 [INFO ] CreoleRegisterImpl        - CREOLE plugin loaded: file:/home/ronzano/GATE_Developer_8.4/plugins/ANNIE/
14 Sep 2017 12:04.16 [INFO ] Gate                      - Using /home/ronzano/GATE_Developer_8.4 as GATE home
14 Sep 2017 12:04.16 [INFO ] Gate                      - Using /home/ronzano/GATE_Developer_8.4/plugins as installed plug-ins directory.
14 Sep 2017 12:04.16 [INFO ] Gate                      - Using /home/ronzano/GATE_Developer_8.4/gate.xml as site configuration file.
14 Sep 2017 12:04.16 [INFO ] Gate                      - Using /home/ronzano/.gate.xml as user configuration file
14 Sep 2017 12:04.16 [INFO ] Gate                      - Using /home/ronzano/.gate.session as user session file
14 Sep 2017 12:04.17 [INFO ] CreoleRegisterImpl        - CREOLE plugin loaded: file:/home/ronzano/GATE_Developer_8.4/plugins/ANNIE/
14 Sep 2017 12:06.24 [INFO ] Gate                      - Using /home/ronzano/GATE_Developer_8.4 as GATE home
14 Sep 2017 12:06.24 [INFO ] Gate                      - Using /home/ronzano/GATE_Developer_8.4/plugins as installed plug-ins directory.
14 Sep 2017 12:06.24 [INFO ] Gate                      - Using /home/ronzano/GATE_Developer_8.4/gate.xml as site configuration file.
14 Sep 2017 12:06.24 [INFO ] Gate                      - Using /home/ronzano/.gate.xml as user configuration file
14 Sep 2017 12:06.24 [INFO ] Gate                      - Using /home/ronzano/.gate.session as user session file
14 Sep 2017 12:06.25 [INFO ] CreoleRegisterImpl        - CREOLE plugin loaded: file:/home/ronzano/GATE_Developer_8.4/plugins/ANNIE/
14 Sep 2017 12:08.01 [INFO ] Gate                      - Using /home/ronzano/GATE_Developer_8.4 as GATE home
14 Sep 2017 12:08.01 [INFO ] Gate                      - Using /home/ronzano/GATE_Developer_8.4/plugins as installed plug-ins directory.
14 Sep 2017 12:08.01 [INFO ] Gate                      - Using /home/ronzano/GATE_Developer_8.4/gate.xml as site configuration file.
14 Sep 2017 12:08.01 [INFO ] Gate                      - Using /home/ronzano/.gate.xml as user configuration file
14 Sep 2017 12:08.01 [INFO ] Gate                      - Using /home/ronzano/.gate.session as user session file
14 Sep 2017 12:08.02 [INFO ] CreoleRegisterImpl        - CREOLE plugin loaded: file:/home/ronzano/GATE_Developer_8.4/plugins/ANNIE/
14 Sep 2017 12:23.57 [INFO ] Gate                      - Using /home/ronzano/GATE_Developer_8.4 as GATE home
14 Sep 2017 12:23.57 [INFO ] Gate                      - Using /home/ronzano/GATE_Developer_8.4/plugins as installed plug-ins directory.
14 Sep 2017 12:23.57 [INFO ] Gate                      - Using /home/ronzano/GATE_Developer_8.4/gate.xml as site configuration file.
14 Sep 2017 12:23.57 [INFO ] Gate                      - Using /home/ronzano/.gate.xml as user configuration file
14 Sep 2017 12:23.57 [INFO ] Gate                      - Using /home/ronzano/.gate.session as user session file
14 Sep 2017 12:23.58 [INFO ] CreoleRegisterImpl        - CREOLE plugin loaded: file:/home/ronzano/GATE_Developer_8.4/plugins/ANNIE/
14 Sep 2017 12:24.24 [INFO ] Gate                      - Using /home/ronzano/GATE_Developer_8.4 as GATE home
14 Sep 2017 12:24.24 [INFO ] Gate                      - Using /home/ronzano/GATE_Developer_8.4/plugins as installed plug-ins directory.
14 Sep 2017 12:24.24 [INFO ] Gate                      - Using /home/ronzano/GATE_Developer_8.4/gate.xml as site configuration file.
14 Sep 2017 12:24.24 [INFO ] Gate                      - Using /home/ronzano/.gate.xml as user configuration file
14 Sep 2017 12:24.24 [INFO ] Gate                      - Using /home/ronzano/.gate.session as user session file
14 Sep 2017 12:24.24 [INFO ] CreoleRegisterImpl        - CREOLE plugin loaded: file:/home/ronzano/GATE_Developer_8.4/plugins/ANNIE/
14 Sep 2017 12:26.27 [INFO ] Gate                      - Using /home/ronzano/GATE_Developer_8.4 as GATE home
14 Sep 2017 12:26.27 [INFO ] Gate                      - Using /home/ronzano/GATE_Developer_8.4/plugins as installed plug-ins directory.
14 Sep 2017 12:26.27 [INFO ] Gate                      - Using /home/ronzano/GATE_Developer_8.4/gate.xml as site configuration file.
14 Sep 2017 12:26.27 [INFO ] Gate                      - Using /home/ronzano/.gate.xml as user configuration file
14 Sep 2017 12:26.27 [INFO ] Gate                      - Using /home/ronzano/.gate.session as user session file
14 Sep 2017 12:26.27 [INFO ] CreoleRegisterImpl        - CREOLE plugin loaded: file:/home/ronzano/GATE_Developer_8.4/plugins/ANNIE/
14 Sep 2017 12:34.18 [INFO ] Gate                      - Using /home/ronzano/GATE_Developer_8.4 as GATE home
14 Sep 2017 12:34.18 [INFO ] Gate                      - Using /home/ronzano/GATE_Developer_8.4/plugins as installed plug-ins directory.
14 Sep 2017 12:34.18 [INFO ] Gate                      - Using /home/ronzano/GATE_Developer_8.4/gate.xml as site configuration file.
14 Sep 2017 12:34.18 [INFO ] Gate                      - Using /home/ronzano/.gate.xml as user configuration file
14 Sep 2017 12:34.18 [INFO ] Gate                      - Using /home/ronzano/.gate.session as user session file
14 Sep 2017 12:34.18 [INFO ] CreoleRegisterImpl        - CREOLE plugin loaded: file:/home/ronzano/GATE_Developer_8.4/plugins/ANNIE/
14 Sep 2017 12:35.14 [INFO ] Gate                      - Using /home/ronzano/GATE_Developer_8.4 as GATE home
14 Sep 2017 12:35.14 [INFO ] Gate                      - Using /home/ronzano/GATE_Developer_8.4/plugins as installed plug-ins directory.
14 Sep 2017 12:35.14 [INFO ] Gate                      - Using /home/ronzano/GATE_Developer_8.4/gate.xml as site configuration file.
14 Sep 2017 12:35.14 [INFO ] Gate                      - Using /home/ronzano/.gate.xml as user configuration file
14 Sep 2017 12:35.14 [INFO ] Gate                      - Using /home/ronzano/.gate.session as user session file
14 Sep 2017 12:35.15 [INFO ] CreoleRegisterImpl        - CREOLE plugin loaded: file:/home/ronzano/GATE_Developer_8.4/plugins/ANNIE/
14 Sep 2017 12:46.45 [INFO ] Gate                      - Using /home/ronzano/GATE_Developer_8.4 as GATE home
14 Sep 2017 12:46.45 [INFO ] Gate                      - Using /home/ronzano/GATE_Developer_8.4/plugins as installed plug-ins directory.
14 Sep 2017 12:46.45 [INFO ] Gate                      - Using /home/ronzano/GATE_Developer_8.4/gate.xml as site configuration file.
14 Sep 2017 12:46.45 [INFO ] Gate                      - Using /home/ronzano/.gate.xml as user configuration file
14 Sep 2017 12:46.45 [INFO ] Gate                      - Using /home/ronzano/.gate.session as user session file
14 Sep 2017 12:46.46 [INFO ] CreoleRegisterImpl        - CREOLE plugin loaded: file:/home/ronzano/GATE_Developer_8.4/plugins/ANNIE/
